This is pdfTeX, Version 3.1415926-2.3-1.40.12 (MiKTeX 2.9) (preloaded format=pdflatex 2014.9.14)  2 SEP 2016 16:18
entering extended mode
**D:/stfile/Documents/paper/or/decisionRule/report/decisionRule.tex
(D:/stfile/Documents/paper/or/decisionRule/report/decisionRule.tex
LaTeX2e <2011/06/27>
Babel <v3.8m> and hyphenation patterns for loaded.
("D:\Program Files\CTEX\MiKTeX\tex\latex\base\article.cls"
Document Class: article 2007/10/19 v1.4h Standard LaTeX document class
("D:\Program Files\CTEX\MiKTeX\tex\latex\base\size10.clo"
File: size10.clo 2007/10/19 v1.4h Standard LaTeX file (size option)
)
\c@part=\count79
\c@section=\count80
\c@subsection=\count81
\c@subsubsection=\count82
\c@paragraph=\count83
\c@subparagraph=\count84
\c@figure=\count85
\c@table=\count86
\abovecaptionskip=\skip41
\belowcaptionskip=\skip42
\bibindent=\dimen102
)
("D:\Program Files\CTEX\MiKTeX\tex\latex\ams\math\amsmath.sty"
Package: amsmath 2000/07/18 v2.13 AMS math features
\@mathmargin=\skip43

For additional information on amsmath, use the `?' option.
("D:\Program Files\CTEX\MiKTeX\tex\latex\ams\math\amstext.sty"
Package: amstext 2000/06/29 v2.01

("D:\Program Files\CTEX\MiKTeX\tex\latex\ams\math\amsgen.sty"
File: amsgen.sty 1999/11/30 v2.0
\@emptytoks=\toks14
\ex@=\dimen103
))
("D:\Program Files\CTEX\MiKTeX\tex\latex\ams\math\amsbsy.sty"
Package: amsbsy 1999/11/29 v1.2d
\pmbraise@=\dimen104
)
("D:\Program Files\CTEX\MiKTeX\tex\latex\ams\math\amsopn.sty"
Package: amsopn 1999/12/14 v2.01 operator names
)
\inf@bad=\count87
LaTeX Info: Redefining \frac on input line 211.
\uproot@=\count88
\leftroot@=\count89
LaTeX Info: Redefining \overline on input line 307.
\classnum@=\count90
\DOTSCASE@=\count91
LaTeX Info: Redefining \ldots on input line 379.
LaTeX Info: Redefining \dots on input line 382.
LaTeX Info: Redefining \cdots on input line 467.
\Mathstrutbox@=\box26
\strutbox@=\box27
\big@size=\dimen105
LaTeX Font Info:    Redeclaring font encoding OML on input line 567.
LaTeX Font Info:    Redeclaring font encoding OMS on input line 568.
\macc@depth=\count92
\c@MaxMatrixCols=\count93
\dotsspace@=\muskip10
\c@parentequation=\count94
\dspbrk@lvl=\count95
\tag@help=\toks15
\row@=\count96
\column@=\count97
\maxfields@=\count98
\andhelp@=\toks16
\eqnshift@=\dimen106
\alignsep@=\dimen107
\tagshift@=\dimen108
\tagwidth@=\dimen109
\totwidth@=\dimen110
\lineht@=\dimen111
\@envbody=\toks17
\multlinegap=\skip44
\multlinetaggap=\skip45
\mathdisplay@stack=\toks18
LaTeX Info: Redefining \[ on input line 2666.
LaTeX Info: Redefining \] on input line 2667.
)
("D:\Program Files\CTEX\MiKTeX\tex\latex\amsfonts\amssymb.sty"
Package: amssymb 2009/06/22 v3.00

("D:\Program Files\CTEX\MiKTeX\tex\latex\amsfonts\amsfonts.sty"
Package: amsfonts 2009/06/22 v3.00 Basic AMSFonts support
\symAMSa=\mathgroup4
\symAMSb=\mathgroup5
LaTeX Font Info:    Overwriting math alphabet `\mathfrak' in version `bold'
(Font)                  U/euf/m/n --> U/euf/b/n on input line 96.
))
("D:\Program Files\CTEX\MiKTeX\tex\latex\bbm\bbm.sty"
Package: bbm 1999/03/15 V 1.2 provides fonts for set symbols - TH
LaTeX Font Info:    Overwriting math alphabet `\mathbbm' in version `bold'
(Font)                  U/bbm/m/n --> U/bbm/bx/n on input line 33.
LaTeX Font Info:    Overwriting math alphabet `\mathbbmss' in version `bold'
(Font)                  U/bbmss/m/n --> U/bbmss/bx/n on input line 35.
)
("D:\Program Files\CTEX\MiKTeX\tex\latex\comment\comment.sty"
\CommentStream=\write3

Excluding comment 'comment')
("D:\Program Files\CTEX\MiKTeX\tex\latex\graphics\graphicx.sty"
Package: graphicx 1999/02/16 v1.0f Enhanced LaTeX Graphics (DPC,SPQR)

("D:\Program Files\CTEX\MiKTeX\tex\latex\graphics\keyval.sty"
Package: keyval 1999/03/16 v1.13 key=value parser (DPC)
\KV@toks@=\toks19
)
("D:\Program Files\CTEX\MiKTeX\tex\latex\graphics\graphics.sty"
Package: graphics 2009/02/05 v1.0o Standard LaTeX Graphics (DPC,SPQR)

("D:\Program Files\CTEX\MiKTeX\tex\latex\graphics\trig.sty"
Package: trig 1999/03/16 v1.09 sin cos tan (DPC)
)
("D:\Program Files\CTEX\MiKTeX\tex\latex\00miktex\graphics.cfg"
File: graphics.cfg 2007/01/18 v1.5 graphics configuration of teTeX/TeXLive
)
Package graphics Info: Driver file: pdftex.def on input line 91.

("D:\Program Files\CTEX\MiKTeX\tex\latex\pdftex-def\pdftex.def"
File: pdftex.def 2011/05/27 v0.06d Graphics/color for pdfTeX

("D:\Program Files\CTEX\MiKTeX\tex\generic\oberdiek\infwarerr.sty"
Package: infwarerr 2010/04/08 v1.3 Providing info/warning/message (HO)
)
("D:\Program Files\CTEX\MiKTeX\tex\generic\oberdiek\ltxcmds.sty"
Package: ltxcmds 2011/04/18 v1.20 LaTeX kernel commands for general use (HO)
)
\Gread@gobject=\count99
))
\Gin@req@height=\dimen112
\Gin@req@width=\dimen113
)
("D:\Program Files\CTEX\MiKTeX\tex\latex\ams\classes\amsthm.sty"
Package: amsthm 2004/08/06 v2.20
\thm@style=\toks20
\thm@bodyfont=\toks21
\thm@headfont=\toks22
\thm@notefont=\toks23
\thm@headpunct=\toks24
\thm@preskip=\skip46
\thm@postskip=\skip47
\thm@headsep=\skip48
\dth@everypar=\toks25
)
("D:\Program Files\CTEX\MiKTeX\tex\latex\was\gensymb.sty"
Package: gensymb 2003/07/02 v1.0 (WaS)
)
("D:\Program Files\CTEX\MiKTeX\tex\latex\geometry\geometry.sty"
Package: geometry 2010/09/12 v5.6 Page Geometry

("D:\Program Files\CTEX\MiKTeX\tex\generic\oberdiek\ifpdf.sty"
Package: ifpdf 2011/01/30 v2.3 Provides the ifpdf switch (HO)
Package ifpdf Info: pdfTeX in PDF mode is detected.
)
("D:\Program Files\CTEX\MiKTeX\tex\generic\oberdiek\ifvtex.sty"
Package: ifvtex 2010/03/01 v1.5 Switches for detecting VTeX and its modes (HO)
Package ifvtex Info: VTeX not detected.
)
("D:\Program Files\CTEX\MiKTeX\tex\generic\ifxetex\ifxetex.sty"
Package: ifxetex 2010/09/12 v0.6 Provides ifxetex conditional
)
\Gm@cnth=\count100
\Gm@cntv=\count101
\c@Gm@tempcnt=\count102
\Gm@bindingoffset=\dimen114
\Gm@wd@mp=\dimen115
\Gm@odd@mp=\dimen116
\Gm@even@mp=\dimen117
\Gm@layoutwidth=\dimen118
\Gm@layoutheight=\dimen119
\Gm@layouthoffset=\dimen120
\Gm@layoutvoffset=\dimen121
\Gm@dimlist=\toks26

("D:\Program Files\CTEX\MiKTeX\tex\latex\geometry\geometry.cfg"))
(D:\stfile\Documents\paper\or\decisionRule\report\decisionRule.aux

LaTeX Warning: Label `Summary' multiply defined.


LaTeX Warning: Label `Summary' multiply defined.

)
LaTeX Font Info:    Checking defaults for OML/cmm/m/it on input line 10.
LaTeX Font Info:    ... okay on input line 10.
LaTeX Font Info:    Checking defaults for T1/cmr/m/n on input line 10.
LaTeX Font Info:    ... okay on input line 10.
LaTeX Font Info:    Checking defaults for OT1/cmr/m/n on input line 10.
LaTeX Font Info:    ... okay on input line 10.
LaTeX Font Info:    Checking defaults for OMS/cmsy/m/n on input line 10.
LaTeX Font Info:    ... okay on input line 10.
LaTeX Font Info:    Checking defaults for OMX/cmex/m/n on input line 10.
LaTeX Font Info:    ... okay on input line 10.
LaTeX Font Info:    Checking defaults for U/cmr/m/n on input line 10.
LaTeX Font Info:    ... okay on input line 10.
 ("D:\Program Files\CTEX\MiKTeX\tex\context\base\supp-pdf.mkii"
[Loading MPS to PDF converter (version 2006.09.02).]
\scratchcounter=\count103
\scratchdimen=\dimen122
\scratchbox=\box28
\nofMPsegments=\count104
\nofMParguments=\count105
\everyMPshowfont=\toks27
\MPscratchCnt=\count106
\MPscratchDim=\dimen123
\MPnumerator=\count107
\makeMPintoPDFobject=\count108
\everyMPtoPDFconversion=\toks28
)
LaTeX Info: Redefining \celsius on input line 10.
Package gensymb Info: Faking symbols for \degree and \celsius on input line 10.



Package gensymb Warning: Not defining \perthousand.

LaTeX Info: Redefining \ohm on input line 10.
Package gensymb Info: Using \Omega for \ohm on input line 10.

Package gensymb Warning: Not defining \micro.

*geometry* driver: auto-detecting
*geometry* detected driver: pdftex
*geometry* verbose mode - [ preamble ] result:
* driver: pdftex
* paper: <default>
* layout: <same size as paper>
* layoutoffset:(h,v)=(0.0pt,0.0pt)
* modes: 
* h-part:(L,W,R)=(71.13188pt, 472.03123pt, 71.13188pt)
* v-part:(T,H,B)=(71.13188pt, 652.70622pt, 71.13188pt)
* \paperwidth=614.295pt
* \paperheight=794.96999pt
* \textwidth=472.03123pt
* \textheight=652.70622pt
* \oddsidemargin=-1.1381pt
* \evensidemargin=-1.1381pt
* \topmargin=-38.1381pt
* \headheight=12.0pt
* \headsep=25.0pt
* \topskip=10.0pt
* \footskip=30.0pt
* \marginparwidth=65.0pt
* \marginparsep=11.0pt
* \columnsep=10.0pt
* \skip\footins=9.0pt plus 4.0pt minus 2.0pt
* \hoffset=0.0pt
* \voffset=0.0pt
* \mag=1000
* \@twocolumnfalse
* \@twosidefalse
* \@mparswitchfalse
* \@reversemarginfalse
* (1in=72.27pt=25.4mm, 1cm=28.453pt)

LaTeX Font Info:    Try loading font information for U+msa on input line 11.
("D:\Program Files\CTEX\MiKTeX\tex\latex\amsfonts\umsa.fd"
File: umsa.fd 2009/06/22 v3.00 AMS symbols A
)
LaTeX Font Info:    Try loading font information for U+msb on input line 11.

("D:\Program Files\CTEX\MiKTeX\tex\latex\amsfonts\umsb.fd"
File: umsb.fd 2009/06/22 v3.00 AMS symbols B
) [1

{D:/Program Files/CTEX/UserData/pdftex/config/pdftex.map{Unicode.sfd}{UGBK.sfd}
}]
<plf_0.pdf, id=19, 578.16pt x 430.0065pt>
File: plf_0.pdf Graphic file (type pdf)
 <use plf_0.pdf>
Package pdftex.def Info: plf_0.pdf used on input line 76.
(pdftex.def)             Requested size: 330.42041pt x 245.74927pt.
 [2] [3 <D:/stfile/Documents/paper/or/decisionRule/report/plf_0.pdf>]
<plf_1.pdf, id=46, 578.16pt x 430.0065pt>
File: plf_1.pdf Graphic file (type pdf)
 <use plf_1.pdf>
Package pdftex.def Info: plf_1.pdf used on input line 119.
(pdftex.def)             Requested size: 330.42041pt x 245.74927pt.

<plf_2.pdf, id=47, 578.16pt x 430.0065pt>
File: plf_2.pdf Graphic file (type pdf)
 <use plf_2.pdf>
Package pdftex.def Info: plf_2.pdf used on input line 125.
(pdftex.def)             Requested size: 330.42041pt x 245.74927pt.

<compara.pdf, id=48, 578.16pt x 430.0065pt>
File: compara.pdf Graphic file (type pdf)
 <use compara.pdf>
Package pdftex.def Info: compara.pdf used on input line 146.
(pdftex.def)             Requested size: 472.03123pt x 351.07225pt.


LaTeX Warning: No positions in optional float specifier.
               Default added (so using `tbp') on input line 195.

[4 <D:/stfile/Documents/paper/or/decisionRule/report/plf_1.pdf>]

LaTeX Warning: No positions in optional float specifier.
               Default added (so using `tbp') on input line 218.


LaTeX Warning: No positions in optional float specifier.
               Default added (so using `tbp') on input line 240.


Overfull \hbox (8.02765pt too wide) in paragraph at lines 242--255
 [][] 
 []

[5 <D:/stfile/Documents/paper/or/decisionRule/report/plf_2.pdf>] [6 <D:/stfile/
Documents/paper/or/decisionRule/report/compara.pdf>] [7]
(D:\stfile\Documents\paper\or\decisionRule\report\decisionRule.aux)

LaTeX Warning: There were multiply-defined labels.

 ) 
Here is how much of TeX's memory you used:
 2722 strings out of 495354
 34974 string characters out of 3183075
 101330 words of memory out of 3000000
 5856 multiletter control sequences out of 15000+200000
 12468 words of font info for 48 fonts, out of 3000000 for 9000
 14 hyphenation exceptions out of 8191
 27i,9n,32p,1064b,222s stack positions out of 5000i,500n,10000p,200000b,50000s
<D:/Program Files/CTEX/MiKTeX/fonts/type1/public/amsfonts/cm/cmbx10.pfb><D:/P
rogram Files/CTEX/MiKTeX/fonts/type1/public/amsfonts/cm/cmbx12.pfb><D:/Program 
Files/CTEX/MiKTeX/fonts/type1/public/amsfonts/cm/cmbx5.pfb><D:/Program Files/CT
EX/MiKTeX/fonts/type1/public/amsfonts/cm/cmbx7.pfb><D:/Program Files/CTEX/MiKTe
X/fonts/type1/public/amsfonts/cm/cmex10.pfb><D:/Program Files/CTEX/MiKTeX/fonts
/type1/public/amsfonts/cm/cmmi10.pfb><D:/Program Files/CTEX/MiKTeX/fonts/type1/
public/amsfonts/cm/cmmi12.pfb><D:/Program Files/CTEX/MiKTeX/fonts/type1/public/
amsfonts/cm/cmmi5.pfb><D:/Program Files/CTEX/MiKTeX/fonts/type1/public/amsfonts
/cm/cmmi7.pfb><D:/Program Files/CTEX/MiKTeX/fonts/type1/public/amsfonts/cm/cmmi
8.pfb><D:/Program Files/CTEX/MiKTeX/fonts/type1/public/amsfonts/cm/cmr10.pfb><D
:/Program Files/CTEX/MiKTeX/fonts/type1/public/amsfonts/cm/cmr12.pfb><D:/Progra
m Files/CTEX/MiKTeX/fonts/type1/public/amsfonts/cm/cmr17.pfb><D:/Program Files/
CTEX/MiKTeX/fonts/type1/public/amsfonts/cm/cmr5.pfb><D:/Program Files/CTEX/MiKT
eX/fonts/type1/public/amsfonts/cm/cmr7.pfb><D:/Program Files/CTEX/MiKTeX/fonts/
type1/public/amsfonts/cm/cmr8.pfb><D:/Program Files/CTEX/MiKTeX/fonts/type1/pub
lic/amsfonts/cm/cmsy10.pfb><D:/Program Files/CTEX/MiKTeX/fonts/type1/public/ams
fonts/cm/cmsy5.pfb><D:/Program Files/CTEX/MiKTeX/fonts/type1/public/amsfonts/cm
/cmsy7.pfb><D:/Program Files/CTEX/MiKTeX/fonts/type1/public/amsfonts/cm/cmsy8.p
fb><D:/Program Files/CTEX/MiKTeX/fonts/type1/public/amsfonts/cm/cmti10.pfb><D:/
Program Files/CTEX/MiKTeX/fonts/type1/public/amsfonts/symbols/msbm10.pfb><D:/Pr
ogram Files/CTEX/MiKTeX/fonts/type1/urw/helvetic/uhvr8a.pfb>
Output written on decisionRule.pdf (7 pages, 423166 bytes).
PDF statistics:
 186 PDF objects out of 1000 (max. 8388607)
 0 named destinations out of 1000 (max. 500000)
 21 words of extra memory for PDF output out of 10000 (max. 10000000)

